<?xml version="1.0" encoding="UTF-8"?>
<testsuite name="Test Google" tests="1" skipped="0" failures="0" errors="0" timestamp="2021-10-16T23:57:23" hostname="LIZ" time="6.737">
  <properties/>
  <testcase name="As a user I enter a search criteria in Google" classname="Test Google" time="6.737"/>
  <system-out><![CDATA[?[32m.?[0m?[32m.?[0m?[32m.?[0m?[32m.?[0m]]></system-out>
  <system-err><![CDATA[Starting ChromeDriver 94.0.4606.61 (418b78f5838ed0b1c69bb4e51ea0252171854915-refs/branch-heads/4606@{#1204}) on port 31626
Only local connections are allowed.
Please see https://chromedriver.chromium.org/security-considerations for suggestions on keeping ChromeDriver safe.
ChromeDriver was started successfully.
oct. 16, 2021 8:57:25 P. M. org.openqa.selenium.remote.ProtocolHandshake createSession
INFORMACIÓN: Detected dialect: W3C
]]></system-err>
</testsuite>
